Classic Timing Analyzer report for relogio
Fri Jun 09 02:31:43 2017
Quartus II Version 9.1 Build 350 03/24/2010 Service Pack 2 SJ Web Edition


---------------------
; Table of Contents ;
---------------------
  1. Legal Notice
  2. Timing Analyzer Summary
  3. Timing Analyzer Settings
  4. Clock Settings Summary
  5. Parallel Compilation
  6. Clock Setup: 'clk'
  7. tco
  8. Timing Analyzer Messages



----------------
; Legal Notice ;
----------------
Copyright (C) 1991-2010 Altera Corporation
Your use of Altera Corporation's design tools, logic functions 
and other software and tools, and its AMPP partner logic 
functions, and any output files from any of the foregoing 
(including device programming or simulation files), and any 
associated documentation or information are expressly subject 
to the terms and conditions of the Altera Program License 
Subscription Agreement, Altera MegaCore Function License 
Agreement, or other applicable license agreement, including, 
without limitation, that your use is for the sole purpose of 
programming logic devices manufactured by Altera and sold by 
Altera or its authorized distributors.  Please refer to the 
applicable agreement for further details.



+----------------------------------------------------------------------------------------------------------------------------------------------------------------------------------------------+
; Timing Analyzer Summary                                                                                                                                                                      ;
+------------------------------+-------+---------------+----------------------------------+------------------------------+------------------------------+------------+----------+--------------+
; Type                         ; Slack ; Required Time ; Actual Time                      ; From                         ; To                           ; From Clock ; To Clock ; Failed Paths ;
+------------------------------+-------+---------------+----------------------------------+------------------------------+------------------------------+------------+----------+--------------+
; Worst-case tco               ; N/A   ; None          ; 7.626 ns                         ; relogioCount:inst|seconds[5] ; seconds[5]                   ; clk        ; --       ; 0            ;
; Clock Setup: 'clk'           ; N/A   ; None          ; 200.68 MHz ( period = 4.983 ns ) ; relogioCount:inst|seconds[2] ; relogioCount:inst|seconds[4] ; clk        ; clk      ; 0            ;
; Total number of failed paths ;       ;               ;                                  ;                              ;                              ;            ;          ; 0            ;
+------------------------------+-------+---------------+----------------------------------+------------------------------+------------------------------+------------+----------+--------------+


+-----------------------------------------------------------------------------------------------------------------------------------------------------+
; Timing Analyzer Settings                                                                                                                            ;
+------------------------------------------------------------------------------------------------------+--------------------+------+----+-------------+
; Option                                                                                               ; Setting            ; From ; To ; Entity Name ;
+------------------------------------------------------------------------------------------------------+--------------------+------+----+-------------+
; Device Name                                                                                          ; EP2C5T144C6        ;      ;    ;             ;
; Timing Models                                                                                        ; Final              ;      ;    ;             ;
; Default hold multicycle                                                                              ; Same as Multicycle ;      ;    ;             ;
; Cut paths between unrelated clock domains                                                            ; On                 ;      ;    ;             ;
; Cut off read during write signal paths                                                               ; On                 ;      ;    ;             ;
; Cut off feedback from I/O pins                                                                       ; On                 ;      ;    ;             ;
; Report Combined Fast/Slow Timing                                                                     ; Off                ;      ;    ;             ;
; Ignore Clock Settings                                                                                ; Off                ;      ;    ;             ;
; Analyze latches as synchronous elements                                                              ; On                 ;      ;    ;             ;
; Enable Recovery/Removal analysis                                                                     ; Off                ;      ;    ;             ;
; Enable Clock Latency                                                                                 ; Off                ;      ;    ;             ;
; Use TimeQuest Timing Analyzer                                                                        ; Off                ;      ;    ;             ;
; Number of source nodes to report per destination node                                                ; 10                 ;      ;    ;             ;
; Number of destination nodes to report                                                                ; 10                 ;      ;    ;             ;
; Number of paths to report                                                                            ; 200                ;      ;    ;             ;
; Report Minimum Timing Checks                                                                         ; Off                ;      ;    ;             ;
; Use Fast Timing Models                                                                               ; Off                ;      ;    ;             ;
; Report IO Paths Separately                                                                           ; Off                ;      ;    ;             ;
; Perform Multicorner Analysis                                                                         ; On                 ;      ;    ;             ;
; Reports the worst-case path for each clock domain and analysis                                       ; Off                ;      ;    ;             ;
; Reports worst-case timing paths for each clock domain and analysis                                   ; On                 ;      ;    ;             ;
; Specifies the maximum number of worst-case timing paths to report for each clock domain and analysis ; 100                ;      ;    ;             ;
; Removes common clock path pessimism (CCPP) during slack computation                                  ; Off                ;      ;    ;             ;
; Output I/O Timing Endpoint                                                                           ; Near End           ;      ;    ;             ;
+------------------------------------------------------------------------------------------------------+--------------------+------+----+-------------+


+------------------------------------------------------------------------------------------------------------------------------------------------------------------------------------+
; Clock Settings Summary                                                                                                                                                             ;
+-----------------+--------------------+----------+------------------+---------------+--------------+----------+-----------------------+---------------------+--------+--------------+
; Clock Node Name ; Clock Setting Name ; Type     ; Fmax Requirement ; Early Latency ; Late Latency ; Based on ; Multiply Base Fmax by ; Divide Base Fmax by ; Offset ; Phase offset ;
+-----------------+--------------------+----------+------------------+---------------+--------------+----------+-----------------------+---------------------+--------+--------------+
; clk             ;                    ; User Pin ; None             ; 0.000 ns      ; 0.000 ns     ; --       ; N/A                   ; N/A                 ; N/A    ;              ;
+-----------------+--------------------+----------+------------------+---------------+--------------+----------+-----------------------+---------------------+--------+--------------+


Parallel compilation was disabled, but you have multiple processors available. Enable parallel compilation to reduce compilation time.
+-------------------------------------+
; Parallel Compilation                ;
+----------------------------+--------+
; Processors                 ; Number ;
+----------------------------+--------+
; Number detected on machine ; 2      ;
; Maximum allowed            ; 1      ;
+----------------------------+--------+


+-----------------------------------------------------------------------------------------------------------------------------------------------------------------------------------------------------------------------------------------------------------------------------+
; Clock Setup: 'clk'                                                                                                                                                                                                                                                          ;
+-----------------------------------------+-----------------------------------------------------+----------------------------------+------------------------------+------------+----------+-----------------------------+---------------------------+-------------------------+
; Slack                                   ; Actual fmax (period)                                ; From                             ; To                           ; From Clock ; To Clock ; Required Setup Relationship ; Required Longest P2P Time ; Actual Longest P2P Time ;
+-----------------------------------------+-----------------------------------------------------+----------------------------------+------------------------------+------------+----------+-----------------------------+---------------------------+-------------------------+
; N/A                                     ; 200.68 MHz ( period = 4.983 ns )                    ; relogioCount:inst|seconds[2]     ; relogioCount:inst|seconds[2] ; clk        ; clk      ; None                        ; None                      ; 4.769 ns                ;
; N/A                                     ; 200.68 MHz ( period = 4.983 ns )                    ; relogioCount:inst|seconds[2]     ; relogioCount:inst|seconds[3] ; clk        ; clk      ; None                        ; None                      ; 4.769 ns                ;
; N/A                                     ; 200.68 MHz ( period = 4.983 ns )                    ; relogioCount:inst|seconds[2]     ; relogioCount:inst|seconds[1] ; clk        ; clk      ; None                        ; None                      ; 4.769 ns                ;
; N/A                                     ; 200.68 MHz ( period = 4.983 ns )                    ; relogioCount:inst|seconds[2]     ; relogioCount:inst|seconds[0] ; clk        ; clk      ; None                        ; None                      ; 4.769 ns                ;
; N/A                                     ; 200.68 MHz ( period = 4.983 ns )                    ; relogioCount:inst|seconds[2]     ; relogioCount:inst|seconds[5] ; clk        ; clk      ; None                        ; None                      ; 4.769 ns                ;
; N/A                                     ; 200.68 MHz ( period = 4.983 ns )                    ; relogioCount:inst|seconds[2]     ; relogioCount:inst|seconds[7] ; clk        ; clk      ; None                        ; None                      ; 4.769 ns                ;
; N/A                                     ; 200.68 MHz ( period = 4.983 ns )                    ; relogioCount:inst|seconds[2]     ; relogioCount:inst|seconds[6] ; clk        ; clk      ; None                        ; None                      ; 4.769 ns                ;
; N/A                                     ; 200.68 MHz ( period = 4.983 ns )                    ; relogioCount:inst|seconds[2]     ; relogioCount:inst|seconds[4] ; clk        ; clk      ; None                        ; None                      ; 4.769 ns                ;
; N/A                                     ; 201.13 MHz ( period = 4.972 ns )                    ; relogioCount:inst|seconds[3]     ; relogioCount:inst|seconds[2] ; clk        ; clk      ; None                        ; None                      ; 4.758 ns                ;
; N/A                                     ; 201.13 MHz ( period = 4.972 ns )                    ; relogioCount:inst|seconds[3]     ; relogioCount:inst|seconds[3] ; clk        ; clk      ; None                        ; None                      ; 4.758 ns                ;
; N/A                                     ; 201.13 MHz ( period = 4.972 ns )                    ; relogioCount:inst|seconds[3]     ; relogioCount:inst|seconds[1] ; clk        ; clk      ; None                        ; None                      ; 4.758 ns                ;
; N/A                                     ; 201.13 MHz ( period = 4.972 ns )                    ; relogioCount:inst|seconds[3]     ; relogioCount:inst|seconds[0] ; clk        ; clk      ; None                        ; None                      ; 4.758 ns                ;
; N/A                                     ; 201.13 MHz ( period = 4.972 ns )                    ; relogioCount:inst|seconds[3]     ; relogioCount:inst|seconds[5] ; clk        ; clk      ; None                        ; None                      ; 4.758 ns                ;
; N/A                                     ; 201.13 MHz ( period = 4.972 ns )                    ; relogioCount:inst|seconds[3]     ; relogioCount:inst|seconds[7] ; clk        ; clk      ; None                        ; None                      ; 4.758 ns                ;
; N/A                                     ; 201.13 MHz ( period = 4.972 ns )                    ; relogioCount:inst|seconds[3]     ; relogioCount:inst|seconds[6] ; clk        ; clk      ; None                        ; None                      ; 4.758 ns                ;
; N/A                                     ; 201.13 MHz ( period = 4.972 ns )                    ; relogioCount:inst|seconds[3]     ; relogioCount:inst|seconds[4] ; clk        ; clk      ; None                        ; None                      ; 4.758 ns                ;
; N/A                                     ; 206.61 MHz ( period = 4.840 ns )                    ; relogioCount:inst|seconds[1]     ; relogioCount:inst|seconds[2] ; clk        ; clk      ; None                        ; None                      ; 4.626 ns                ;
; N/A                                     ; 206.61 MHz ( period = 4.840 ns )                    ; relogioCount:inst|seconds[1]     ; relogioCount:inst|seconds[3] ; clk        ; clk      ; None                        ; None                      ; 4.626 ns                ;
; N/A                                     ; 206.61 MHz ( period = 4.840 ns )                    ; relogioCount:inst|seconds[1]     ; relogioCount:inst|seconds[1] ; clk        ; clk      ; None                        ; None                      ; 4.626 ns                ;
; N/A                                     ; 206.61 MHz ( period = 4.840 ns )                    ; relogioCount:inst|seconds[1]     ; relogioCount:inst|seconds[0] ; clk        ; clk      ; None                        ; None                      ; 4.626 ns                ;
; N/A                                     ; 206.61 MHz ( period = 4.840 ns )                    ; relogioCount:inst|seconds[1]     ; relogioCount:inst|seconds[5] ; clk        ; clk      ; None                        ; None                      ; 4.626 ns                ;
; N/A                                     ; 206.61 MHz ( period = 4.840 ns )                    ; relogioCount:inst|seconds[1]     ; relogioCount:inst|seconds[7] ; clk        ; clk      ; None                        ; None                      ; 4.626 ns                ;
; N/A                                     ; 206.61 MHz ( period = 4.840 ns )                    ; relogioCount:inst|seconds[1]     ; relogioCount:inst|seconds[6] ; clk        ; clk      ; None                        ; None                      ; 4.626 ns                ;
; N/A                                     ; 206.61 MHz ( period = 4.840 ns )                    ; relogioCount:inst|seconds[1]     ; relogioCount:inst|seconds[4] ; clk        ; clk      ; None                        ; None                      ; 4.626 ns                ;
; N/A                                     ; 208.68 MHz ( period = 4.792 ns )                    ; relogioCount:inst|seconds[7]     ; relogioCount:inst|seconds[2] ; clk        ; clk      ; None                        ; None                      ; 4.578 ns                ;
; N/A                                     ; 208.68 MHz ( period = 4.792 ns )                    ; relogioCount:inst|seconds[7]     ; relogioCount:inst|seconds[3] ; clk        ; clk      ; None                        ; None                      ; 4.578 ns                ;
; N/A                                     ; 208.68 MHz ( period = 4.792 ns )                    ; relogioCount:inst|seconds[7]     ; relogioCount:inst|seconds[1] ; clk        ; clk      ; None                        ; None                      ; 4.578 ns                ;
; N/A                                     ; 208.68 MHz ( period = 4.792 ns )                    ; relogioCount:inst|seconds[7]     ; relogioCount:inst|seconds[0] ; clk        ; clk      ; None                        ; None                      ; 4.578 ns                ;
; N/A                                     ; 208.68 MHz ( period = 4.792 ns )                    ; relogioCount:inst|seconds[7]     ; relogioCount:inst|seconds[5] ; clk        ; clk      ; None                        ; None                      ; 4.578 ns                ;
; N/A                                     ; 208.68 MHz ( period = 4.792 ns )                    ; relogioCount:inst|seconds[7]     ; relogioCount:inst|seconds[7] ; clk        ; clk      ; None                        ; None                      ; 4.578 ns                ;
; N/A                                     ; 208.68 MHz ( period = 4.792 ns )                    ; relogioCount:inst|seconds[7]     ; relogioCount:inst|seconds[6] ; clk        ; clk      ; None                        ; None                      ; 4.578 ns                ;
; N/A                                     ; 208.68 MHz ( period = 4.792 ns )                    ; relogioCount:inst|seconds[7]     ; relogioCount:inst|seconds[4] ; clk        ; clk      ; None                        ; None                      ; 4.578 ns                ;
; N/A                                     ; 212.59 MHz ( period = 4.704 ns )                    ; relogioCount:inst|seconds[6]     ; relogioCount:inst|seconds[2] ; clk        ; clk      ; None                        ; None                      ; 4.490 ns                ;
; N/A                                     ; 212.59 MHz ( period = 4.704 ns )                    ; relogioCount:inst|seconds[6]     ; relogioCount:inst|seconds[3] ; clk        ; clk      ; None                        ; None                      ; 4.490 ns                ;
; N/A                                     ; 212.59 MHz ( period = 4.704 ns )                    ; relogioCount:inst|seconds[6]     ; relogioCount:inst|seconds[1] ; clk        ; clk      ; None                        ; None                      ; 4.490 ns                ;
; N/A                                     ; 212.59 MHz ( period = 4.704 ns )                    ; relogioCount:inst|seconds[6]     ; relogioCount:inst|seconds[0] ; clk        ; clk      ; None                        ; None                      ; 4.490 ns                ;
; N/A                                     ; 212.59 MHz ( period = 4.704 ns )                    ; relogioCount:inst|seconds[6]     ; relogioCount:inst|seconds[5] ; clk        ; clk      ; None                        ; None                      ; 4.490 ns                ;
; N/A                                     ; 212.59 MHz ( period = 4.704 ns )                    ; relogioCount:inst|seconds[6]     ; relogioCount:inst|seconds[7] ; clk        ; clk      ; None                        ; None                      ; 4.490 ns                ;
; N/A                                     ; 212.59 MHz ( period = 4.704 ns )                    ; relogioCount:inst|seconds[6]     ; relogioCount:inst|seconds[6] ; clk        ; clk      ; None                        ; None                      ; 4.490 ns                ;
; N/A                                     ; 212.59 MHz ( period = 4.704 ns )                    ; relogioCount:inst|seconds[6]     ; relogioCount:inst|seconds[4] ; clk        ; clk      ; None                        ; None                      ; 4.490 ns                ;
; N/A                                     ; 212.86 MHz ( period = 4.698 ns )                    ; relogioCount:inst|seconds[0]     ; relogioCount:inst|seconds[2] ; clk        ; clk      ; None                        ; None                      ; 4.484 ns                ;
; N/A                                     ; 212.86 MHz ( period = 4.698 ns )                    ; relogioCount:inst|seconds[0]     ; relogioCount:inst|seconds[3] ; clk        ; clk      ; None                        ; None                      ; 4.484 ns                ;
; N/A                                     ; 212.86 MHz ( period = 4.698 ns )                    ; relogioCount:inst|seconds[0]     ; relogioCount:inst|seconds[1] ; clk        ; clk      ; None                        ; None                      ; 4.484 ns                ;
; N/A                                     ; 212.86 MHz ( period = 4.698 ns )                    ; relogioCount:inst|seconds[0]     ; relogioCount:inst|seconds[0] ; clk        ; clk      ; None                        ; None                      ; 4.484 ns                ;
; N/A                                     ; 212.86 MHz ( period = 4.698 ns )                    ; relogioCount:inst|seconds[0]     ; relogioCount:inst|seconds[5] ; clk        ; clk      ; None                        ; None                      ; 4.484 ns                ;
; N/A                                     ; 212.86 MHz ( period = 4.698 ns )                    ; relogioCount:inst|seconds[0]     ; relogioCount:inst|seconds[7] ; clk        ; clk      ; None                        ; None                      ; 4.484 ns                ;
; N/A                                     ; 212.86 MHz ( period = 4.698 ns )                    ; relogioCount:inst|seconds[0]     ; relogioCount:inst|seconds[6] ; clk        ; clk      ; None                        ; None                      ; 4.484 ns                ;
; N/A                                     ; 212.86 MHz ( period = 4.698 ns )                    ; relogioCount:inst|seconds[0]     ; relogioCount:inst|seconds[4] ; clk        ; clk      ; None                        ; None                      ; 4.484 ns                ;
; N/A                                     ; 216.64 MHz ( period = 4.616 ns )                    ; relogioCount:inst|seconds[4]     ; relogioCount:inst|seconds[2] ; clk        ; clk      ; None                        ; None                      ; 4.402 ns                ;
; N/A                                     ; 216.64 MHz ( period = 4.616 ns )                    ; relogioCount:inst|seconds[4]     ; relogioCount:inst|seconds[3] ; clk        ; clk      ; None                        ; None                      ; 4.402 ns                ;
; N/A                                     ; 216.64 MHz ( period = 4.616 ns )                    ; relogioCount:inst|seconds[4]     ; relogioCount:inst|seconds[1] ; clk        ; clk      ; None                        ; None                      ; 4.402 ns                ;
; N/A                                     ; 216.64 MHz ( period = 4.616 ns )                    ; relogioCount:inst|seconds[4]     ; relogioCount:inst|seconds[0] ; clk        ; clk      ; None                        ; None                      ; 4.402 ns                ;
; N/A                                     ; 216.64 MHz ( period = 4.616 ns )                    ; relogioCount:inst|seconds[4]     ; relogioCount:inst|seconds[5] ; clk        ; clk      ; None                        ; None                      ; 4.402 ns                ;
; N/A                                     ; 216.64 MHz ( period = 4.616 ns )                    ; relogioCount:inst|seconds[4]     ; relogioCount:inst|seconds[7] ; clk        ; clk      ; None                        ; None                      ; 4.402 ns                ;
; N/A                                     ; 216.64 MHz ( period = 4.616 ns )                    ; relogioCount:inst|seconds[4]     ; relogioCount:inst|seconds[6] ; clk        ; clk      ; None                        ; None                      ; 4.402 ns                ;
; N/A                                     ; 216.64 MHz ( period = 4.616 ns )                    ; relogioCount:inst|seconds[4]     ; relogioCount:inst|seconds[4] ; clk        ; clk      ; None                        ; None                      ; 4.402 ns                ;
; N/A                                     ; 218.39 MHz ( period = 4.579 ns )                    ; relogioCount:inst|seconds[5]     ; relogioCount:inst|seconds[2] ; clk        ; clk      ; None                        ; None                      ; 4.365 ns                ;
; N/A                                     ; 218.39 MHz ( period = 4.579 ns )                    ; relogioCount:inst|seconds[5]     ; relogioCount:inst|seconds[3] ; clk        ; clk      ; None                        ; None                      ; 4.365 ns                ;
; N/A                                     ; 218.39 MHz ( period = 4.579 ns )                    ; relogioCount:inst|seconds[5]     ; relogioCount:inst|seconds[1] ; clk        ; clk      ; None                        ; None                      ; 4.365 ns                ;
; N/A                                     ; 218.39 MHz ( period = 4.579 ns )                    ; relogioCount:inst|seconds[5]     ; relogioCount:inst|seconds[0] ; clk        ; clk      ; None                        ; None                      ; 4.365 ns                ;
; N/A                                     ; 218.39 MHz ( period = 4.579 ns )                    ; relogioCount:inst|seconds[5]     ; relogioCount:inst|seconds[5] ; clk        ; clk      ; None                        ; None                      ; 4.365 ns                ;
; N/A                                     ; 218.39 MHz ( period = 4.579 ns )                    ; relogioCount:inst|seconds[5]     ; relogioCount:inst|seconds[7] ; clk        ; clk      ; None                        ; None                      ; 4.365 ns                ;
; N/A                                     ; 218.39 MHz ( period = 4.579 ns )                    ; relogioCount:inst|seconds[5]     ; relogioCount:inst|seconds[6] ; clk        ; clk      ; None                        ; None                      ; 4.365 ns                ;
; N/A                                     ; 218.39 MHz ( period = 4.579 ns )                    ; relogioCount:inst|seconds[5]     ; relogioCount:inst|seconds[4] ; clk        ; clk      ; None                        ; None                      ; 4.365 ns                ;
; N/A                                     ; 223.71 MHz ( period = 4.470 ns )                    ; relogioCount:inst|seconds[2]     ; relogioCount:inst|minutes[7] ; clk        ; clk      ; None                        ; None                      ; 4.249 ns                ;
; N/A                                     ; 224.27 MHz ( period = 4.459 ns )                    ; relogioCount:inst|seconds[3]     ; relogioCount:inst|minutes[7] ; clk        ; clk      ; None                        ; None                      ; 4.238 ns                ;
; N/A                                     ; 227.32 MHz ( period = 4.399 ns )                    ; relogioCount:inst|seconds[2]     ; relogioCount:inst|minutes[6] ; clk        ; clk      ; None                        ; None                      ; 4.178 ns                ;
; N/A                                     ; 227.89 MHz ( period = 4.388 ns )                    ; relogioCount:inst|seconds[3]     ; relogioCount:inst|minutes[6] ; clk        ; clk      ; None                        ; None                      ; 4.167 ns                ;
; N/A                                     ; 231.05 MHz ( period = 4.328 ns )                    ; relogioCount:inst|seconds[2]     ; relogioCount:inst|minutes[5] ; clk        ; clk      ; None                        ; None                      ; 4.107 ns                ;
; N/A                                     ; 231.11 MHz ( period = 4.327 ns )                    ; relogioCount:inst|seconds[1]     ; relogioCount:inst|minutes[7] ; clk        ; clk      ; None                        ; None                      ; 4.106 ns                ;
; N/A                                     ; 231.64 MHz ( period = 4.317 ns )                    ; relogioCount:inst|seconds[3]     ; relogioCount:inst|minutes[5] ; clk        ; clk      ; None                        ; None                      ; 4.096 ns                ;
; N/A                                     ; 233.70 MHz ( period = 4.279 ns )                    ; relogioCount:inst|seconds[7]     ; relogioCount:inst|minutes[7] ; clk        ; clk      ; None                        ; None                      ; 4.058 ns                ;
; N/A                                     ; 234.91 MHz ( period = 4.257 ns )                    ; relogioCount:inst|seconds[2]     ; relogioCount:inst|minutes[4] ; clk        ; clk      ; None                        ; None                      ; 4.036 ns                ;
; N/A                                     ; 234.96 MHz ( period = 4.256 ns )                    ; relogioCount:inst|seconds[1]     ; relogioCount:inst|minutes[6] ; clk        ; clk      ; None                        ; None                      ; 4.035 ns                ;
; N/A                                     ; 235.52 MHz ( period = 4.246 ns )                    ; relogioCount:inst|seconds[3]     ; relogioCount:inst|minutes[4] ; clk        ; clk      ; None                        ; None                      ; 4.025 ns                ;
; N/A                                     ; 237.64 MHz ( period = 4.208 ns )                    ; relogioCount:inst|seconds[7]     ; relogioCount:inst|minutes[6] ; clk        ; clk      ; None                        ; None                      ; 3.987 ns                ;
; N/A                                     ; 238.61 MHz ( period = 4.191 ns )                    ; relogioCount:inst|seconds[6]     ; relogioCount:inst|minutes[7] ; clk        ; clk      ; None                        ; None                      ; 3.970 ns                ;
; N/A                                     ; 238.89 MHz ( period = 4.186 ns )                    ; relogioCount:inst|seconds[2]     ; relogioCount:inst|minutes[3] ; clk        ; clk      ; None                        ; None                      ; 3.965 ns                ;
; N/A                                     ; 238.95 MHz ( period = 4.185 ns )                    ; relogioCount:inst|seconds[0]     ; relogioCount:inst|minutes[7] ; clk        ; clk      ; None                        ; None                      ; 3.964 ns                ;
; N/A                                     ; 238.95 MHz ( period = 4.185 ns )                    ; relogioCount:inst|seconds[1]     ; relogioCount:inst|minutes[5] ; clk        ; clk      ; None                        ; None                      ; 3.964 ns                ;
; N/A                                     ; 239.52 MHz ( period = 4.175 ns )                    ; relogioCount:inst|seconds[3]     ; relogioCount:inst|minutes[3] ; clk        ; clk      ; None                        ; None                      ; 3.954 ns                ;
; N/A                                     ; 241.72 MHz ( period = 4.137 ns )                    ; relogioCount:inst|seconds[7]     ; relogioCount:inst|minutes[5] ; clk        ; clk      ; None                        ; None                      ; 3.916 ns                ;
; N/A                                     ; 242.72 MHz ( period = 4.120 ns )                    ; relogioCount:inst|seconds[6]     ; relogioCount:inst|minutes[6] ; clk        ; clk      ; None                        ; None                      ; 3.899 ns                ;
; N/A                                     ; 243.01 MHz ( period = 4.115 ns )                    ; relogioCount:inst|seconds[2]     ; relogioCount:inst|minutes[2] ; clk        ; clk      ; None                        ; None                      ; 3.894 ns                ;
; N/A                                     ; 243.07 MHz ( period = 4.114 ns )                    ; relogioCount:inst|seconds[0]     ; relogioCount:inst|minutes[6] ; clk        ; clk      ; None                        ; None                      ; 3.893 ns                ;
; N/A                                     ; 243.07 MHz ( period = 4.114 ns )                    ; relogioCount:inst|seconds[1]     ; relogioCount:inst|minutes[4] ; clk        ; clk      ; None                        ; None                      ; 3.893 ns                ;
; N/A                                     ; 243.66 MHz ( period = 4.104 ns )                    ; relogioCount:inst|seconds[3]     ; relogioCount:inst|minutes[2] ; clk        ; clk      ; None                        ; None                      ; 3.883 ns                ;
; N/A                                     ; 243.72 MHz ( period = 4.103 ns )                    ; relogioCount:inst|seconds[4]     ; relogioCount:inst|minutes[7] ; clk        ; clk      ; None                        ; None                      ; 3.882 ns                ;
; N/A                                     ; 245.94 MHz ( period = 4.066 ns )                    ; relogioCount:inst|seconds[7]     ; relogioCount:inst|minutes[4] ; clk        ; clk      ; None                        ; None                      ; 3.845 ns                ;
; N/A                                     ; 245.94 MHz ( period = 4.066 ns )                    ; relogioCount:inst|seconds[5]     ; relogioCount:inst|minutes[7] ; clk        ; clk      ; None                        ; None                      ; 3.845 ns                ;
; N/A                                     ; 246.97 MHz ( period = 4.049 ns )                    ; relogioCount:inst|seconds[6]     ; relogioCount:inst|minutes[5] ; clk        ; clk      ; None                        ; None                      ; 3.828 ns                ;
; N/A                                     ; 247.28 MHz ( period = 4.044 ns )                    ; relogioCount:inst|seconds[2]     ; relogioCount:inst|minutes[1] ; clk        ; clk      ; None                        ; None                      ; 3.823 ns                ;
; N/A                                     ; 247.34 MHz ( period = 4.043 ns )                    ; relogioCount:inst|seconds[0]     ; relogioCount:inst|minutes[5] ; clk        ; clk      ; None                        ; None                      ; 3.822 ns                ;
; N/A                                     ; 247.34 MHz ( period = 4.043 ns )                    ; relogioCount:inst|seconds[1]     ; relogioCount:inst|minutes[3] ; clk        ; clk      ; None                        ; None                      ; 3.822 ns                ;
; N/A                                     ; 247.95 MHz ( period = 4.033 ns )                    ; relogioCount:inst|seconds[3]     ; relogioCount:inst|minutes[1] ; clk        ; clk      ; None                        ; None                      ; 3.812 ns                ;
; N/A                                     ; 248.02 MHz ( period = 4.032 ns )                    ; relogioCount:inst|seconds[4]     ; relogioCount:inst|minutes[6] ; clk        ; clk      ; None                        ; None                      ; 3.811 ns                ;
; N/A                                     ; 250.31 MHz ( period = 3.995 ns )                    ; relogioCount:inst|seconds[5]     ; relogioCount:inst|minutes[6] ; clk        ; clk      ; None                        ; None                      ; 3.774 ns                ;
; N/A                                     ; 250.31 MHz ( period = 3.995 ns )                    ; relogioCount:inst|seconds[7]     ; relogioCount:inst|minutes[3] ; clk        ; clk      ; None                        ; None                      ; 3.774 ns                ;
; N/A                                     ; 251.38 MHz ( period = 3.978 ns )                    ; relogioCount:inst|seconds[6]     ; relogioCount:inst|minutes[4] ; clk        ; clk      ; None                        ; None                      ; 3.757 ns                ;
; N/A                                     ; 251.76 MHz ( period = 3.972 ns )                    ; relogioCount:inst|seconds[0]     ; relogioCount:inst|minutes[4] ; clk        ; clk      ; None                        ; None                      ; 3.751 ns                ;
; N/A                                     ; 251.76 MHz ( period = 3.972 ns )                    ; relogioCount:inst|seconds[1]     ; relogioCount:inst|minutes[2] ; clk        ; clk      ; None                        ; None                      ; 3.751 ns                ;
; N/A                                     ; 252.46 MHz ( period = 3.961 ns )                    ; relogioCount:inst|seconds[4]     ; relogioCount:inst|minutes[5] ; clk        ; clk      ; None                        ; None                      ; 3.740 ns                ;
; N/A                                     ; 254.84 MHz ( period = 3.924 ns )                    ; relogioCount:inst|seconds[5]     ; relogioCount:inst|minutes[5] ; clk        ; clk      ; None                        ; None                      ; 3.703 ns                ;
; N/A                                     ; 254.84 MHz ( period = 3.924 ns )                    ; relogioCount:inst|seconds[7]     ; relogioCount:inst|minutes[2] ; clk        ; clk      ; None                        ; None                      ; 3.703 ns                ;
; N/A                                     ; 255.95 MHz ( period = 3.907 ns )                    ; relogioCount:inst|seconds[6]     ; relogioCount:inst|minutes[3] ; clk        ; clk      ; None                        ; None                      ; 3.686 ns                ;
; N/A                                     ; 256.34 MHz ( period = 3.901 ns )                    ; relogioCount:inst|seconds[0]     ; relogioCount:inst|minutes[3] ; clk        ; clk      ; None                        ; None                      ; 3.680 ns                ;
; N/A                                     ; 256.34 MHz ( period = 3.901 ns )                    ; relogioCount:inst|seconds[1]     ; relogioCount:inst|minutes[1] ; clk        ; clk      ; None                        ; None                      ; 3.680 ns                ;
; N/A                                     ; 257.07 MHz ( period = 3.890 ns )                    ; relogioCount:inst|seconds[4]     ; relogioCount:inst|minutes[4] ; clk        ; clk      ; None                        ; None                      ; 3.669 ns                ;
; N/A                                     ; 259.54 MHz ( period = 3.853 ns )                    ; relogioCount:inst|seconds[5]     ; relogioCount:inst|minutes[4] ; clk        ; clk      ; None                        ; None                      ; 3.632 ns                ;
; N/A                                     ; 259.54 MHz ( period = 3.853 ns )                    ; relogioCount:inst|seconds[7]     ; relogioCount:inst|minutes[1] ; clk        ; clk      ; None                        ; None                      ; 3.632 ns                ;
; N/A                                     ; 260.69 MHz ( period = 3.836 ns )                    ; relogioCount:inst|seconds[6]     ; relogioCount:inst|minutes[2] ; clk        ; clk      ; None                        ; None                      ; 3.615 ns                ;
; N/A                                     ; 261.10 MHz ( period = 3.830 ns )                    ; relogioCount:inst|seconds[0]     ; relogioCount:inst|minutes[2] ; clk        ; clk      ; None                        ; None                      ; 3.609 ns                ;
; N/A                                     ; 261.85 MHz ( period = 3.819 ns )                    ; relogioCount:inst|seconds[4]     ; relogioCount:inst|minutes[3] ; clk        ; clk      ; None                        ; None                      ; 3.598 ns                ;
; N/A                                     ; 264.41 MHz ( period = 3.782 ns )                    ; relogioCount:inst|seconds[5]     ; relogioCount:inst|minutes[3] ; clk        ; clk      ; None                        ; None                      ; 3.561 ns                ;
; N/A                                     ; 265.60 MHz ( period = 3.765 ns )                    ; relogioCount:inst|seconds[6]     ; relogioCount:inst|minutes[1] ; clk        ; clk      ; None                        ; None                      ; 3.544 ns                ;
; N/A                                     ; 266.03 MHz ( period = 3.759 ns )                    ; relogioCount:inst|seconds[0]     ; relogioCount:inst|minutes[1] ; clk        ; clk      ; None                        ; None                      ; 3.538 ns                ;
; N/A                                     ; 266.81 MHz ( period = 3.748 ns )                    ; relogioCount:inst|seconds[4]     ; relogioCount:inst|minutes[2] ; clk        ; clk      ; None                        ; None                      ; 3.527 ns                ;
; N/A                                     ; 269.47 MHz ( period = 3.711 ns )                    ; relogioCount:inst|seconds[5]     ; relogioCount:inst|minutes[2] ; clk        ; clk      ; None                        ; None                      ; 3.490 ns                ;
; N/A                                     ; 271.96 MHz ( period = 3.677 ns )                    ; relogioCount:inst|seconds[4]     ; relogioCount:inst|minutes[1] ; clk        ; clk      ; None                        ; None                      ; 3.456 ns                ;
; N/A                                     ; 273.15 MHz ( period = 3.661 ns )                    ; relogioCount:inst|seconds[2]     ; relogioCount:inst|minutes[0] ; clk        ; clk      ; None                        ; None                      ; 3.440 ns                ;
; N/A                                     ; 273.97 MHz ( period = 3.650 ns )                    ; relogioCount:inst|seconds[3]     ; relogioCount:inst|minutes[0] ; clk        ; clk      ; None                        ; None                      ; 3.429 ns                ;
; N/A                                     ; 274.73 MHz ( period = 3.640 ns )                    ; relogioCount:inst|seconds[5]     ; relogioCount:inst|minutes[1] ; clk        ; clk      ; None                        ; None                      ; 3.419 ns                ;
; N/A                                     ; 284.25 MHz ( period = 3.518 ns )                    ; relogioCount:inst|seconds[1]     ; relogioCount:inst|minutes[0] ; clk        ; clk      ; None                        ; None                      ; 3.297 ns                ;
; N/A                                     ; 285.31 MHz ( period = 3.505 ns )                    ; relogioCount:inst|miliseconds[1] ; relogioCount:inst|seconds[7] ; clk        ; clk      ; None                        ; None                      ; 3.288 ns                ;
; N/A                                     ; 288.18 MHz ( period = 3.470 ns )                    ; relogioCount:inst|seconds[7]     ; relogioCount:inst|minutes[0] ; clk        ; clk      ; None                        ; None                      ; 3.249 ns                ;
; N/A                                     ; 291.21 MHz ( period = 3.434 ns )                    ; relogioCount:inst|miliseconds[1] ; relogioCount:inst|seconds[6] ; clk        ; clk      ; None                        ; None                      ; 3.217 ns                ;
; N/A                                     ; 292.74 MHz ( period = 3.416 ns )                    ; relogioCount:inst|minutes[6]     ; relogioCount:inst|hours[6]   ; clk        ; clk      ; None                        ; None                      ; 3.206 ns                ;
; N/A                                     ; 295.33 MHz ( period = 3.386 ns )                    ; relogioCount:inst|miliseconds[0] ; relogioCount:inst|seconds[7] ; clk        ; clk      ; None                        ; None                      ; 3.172 ns                ;
; N/A                                     ; 295.42 MHz ( period = 3.385 ns )                    ; relogioCount:inst|minutes[4]     ; relogioCount:inst|hours[6]   ; clk        ; clk      ; None                        ; None                      ; 3.175 ns                ;
; N/A                                     ; 295.68 MHz ( period = 3.382 ns )                    ; relogioCount:inst|seconds[6]     ; relogioCount:inst|minutes[0] ; clk        ; clk      ; None                        ; None                      ; 3.161 ns                ;
; N/A                                     ; 296.21 MHz ( period = 3.376 ns )                    ; relogioCount:inst|seconds[0]     ; relogioCount:inst|minutes[0] ; clk        ; clk      ; None                        ; None                      ; 3.155 ns                ;
; N/A                                     ; 297.35 MHz ( period = 3.363 ns )                    ; relogioCount:inst|miliseconds[1] ; relogioCount:inst|seconds[5] ; clk        ; clk      ; None                        ; None                      ; 3.146 ns                ;
; N/A                                     ; 298.95 MHz ( period = 3.345 ns )                    ; relogioCount:inst|minutes[6]     ; relogioCount:inst|hours[5]   ; clk        ; clk      ; None                        ; None                      ; 3.135 ns                ;
; N/A                                     ; 300.57 MHz ( period = 3.327 ns )                    ; relogioCount:inst|minutes[0]     ; relogioCount:inst|hours[6]   ; clk        ; clk      ; None                        ; None                      ; 3.117 ns                ;
; N/A                                     ; 301.66 MHz ( period = 3.315 ns )                    ; relogioCount:inst|miliseconds[0] ; relogioCount:inst|seconds[6] ; clk        ; clk      ; None                        ; None                      ; 3.101 ns                ;
; N/A                                     ; 301.75 MHz ( period = 3.314 ns )                    ; relogioCount:inst|minutes[4]     ; relogioCount:inst|hours[5]   ; clk        ; clk      ; None                        ; None                      ; 3.104 ns                ;
; N/A                                     ; 302.11 MHz ( period = 3.310 ns )                    ; relogioCount:inst|miliseconds[2] ; relogioCount:inst|seconds[7] ; clk        ; clk      ; None                        ; None                      ; 3.096 ns                ;
; N/A                                     ; 303.31 MHz ( period = 3.297 ns )                    ; relogioCount:inst|minutes[3]     ; relogioCount:inst|hours[6]   ; clk        ; clk      ; None                        ; None                      ; 3.087 ns                ;
; N/A                                     ; 303.58 MHz ( period = 3.294 ns )                    ; relogioCount:inst|seconds[4]     ; relogioCount:inst|minutes[0] ; clk        ; clk      ; None                        ; None                      ; 3.073 ns                ;
; N/A                                     ; 305.16 MHz ( period = 3.277 ns )                    ; relogioCount:inst|minutes[7]     ; relogioCount:inst|hours[6]   ; clk        ; clk      ; None                        ; None                      ; 3.067 ns                ;
; N/A                                     ; 305.44 MHz ( period = 3.274 ns )                    ; relogioCount:inst|minutes[6]     ; relogioCount:inst|hours[4]   ; clk        ; clk      ; None                        ; None                      ; 3.064 ns                ;
; N/A                                     ; 307.03 MHz ( period = 3.257 ns )                    ; relogioCount:inst|seconds[5]     ; relogioCount:inst|minutes[0] ; clk        ; clk      ; None                        ; None                      ; 3.036 ns                ;
; N/A                                     ; 307.13 MHz ( period = 3.256 ns )                    ; relogioCount:inst|minutes[0]     ; relogioCount:inst|hours[5]   ; clk        ; clk      ; None                        ; None                      ; 3.046 ns                ;
; N/A                                     ; 308.26 MHz ( period = 3.244 ns )                    ; relogioCount:inst|miliseconds[0] ; relogioCount:inst|seconds[5] ; clk        ; clk      ; None                        ; None                      ; 3.030 ns                ;
; N/A                                     ; 308.36 MHz ( period = 3.243 ns )                    ; relogioCount:inst|minutes[4]     ; relogioCount:inst|hours[4]   ; clk        ; clk      ; None                        ; None                      ; 3.033 ns                ;
; N/A                                     ; 308.74 MHz ( period = 3.239 ns )                    ; relogioCount:inst|miliseconds[2] ; relogioCount:inst|seconds[6] ; clk        ; clk      ; None                        ; None                      ; 3.025 ns                ;
; N/A                                     ; 308.83 MHz ( period = 3.238 ns )                    ; relogioCount:inst|minutes[1]     ; relogioCount:inst|hours[6]   ; clk        ; clk      ; None                        ; None                      ; 3.028 ns                ;
; N/A                                     ; 308.93 MHz ( period = 3.237 ns )                    ; relogioCount:inst|miliseconds[3] ; relogioCount:inst|seconds[7] ; clk        ; clk      ; None                        ; None                      ; 3.020 ns                ;
; N/A                                     ; 308.93 MHz ( period = 3.237 ns )                    ; relogioCount:inst|miliseconds[5] ; relogioCount:inst|seconds[7] ; clk        ; clk      ; None                        ; None                      ; 3.023 ns                ;
; N/A                                     ; 309.98 MHz ( period = 3.226 ns )                    ; relogioCount:inst|minutes[3]     ; relogioCount:inst|hours[5]   ; clk        ; clk      ; None                        ; None                      ; 3.016 ns                ;
; N/A                                     ; 311.92 MHz ( period = 3.206 ns )                    ; relogioCount:inst|minutes[7]     ; relogioCount:inst|hours[5]   ; clk        ; clk      ; None                        ; None                      ; 2.996 ns                ;
; N/A                                     ; 312.11 MHz ( period = 3.204 ns )                    ; relogioCount:inst|miliseconds[1] ; relogioCount:inst|seconds[4] ; clk        ; clk      ; None                        ; None                      ; 2.987 ns                ;
; N/A                                     ; 312.21 MHz ( period = 3.203 ns )                    ; relogioCount:inst|minutes[6]     ; relogioCount:inst|hours[3]   ; clk        ; clk      ; None                        ; None                      ; 2.993 ns                ;
; N/A                                     ; 313.19 MHz ( period = 3.193 ns )                    ; relogioCount:inst|minutes[2]     ; relogioCount:inst|hours[6]   ; clk        ; clk      ; None                        ; None                      ; 2.983 ns                ;
; N/A                                     ; 313.97 MHz ( period = 3.185 ns )                    ; relogioCount:inst|minutes[0]     ; relogioCount:inst|hours[4]   ; clk        ; clk      ; None                        ; None                      ; 2.975 ns                ;
; N/A                                     ; 315.26 MHz ( period = 3.172 ns )                    ; relogioCount:inst|minutes[4]     ; relogioCount:inst|hours[3]   ; clk        ; clk      ; None                        ; None                      ; 2.962 ns                ;
; N/A                                     ; 315.36 MHz ( period = 3.171 ns )                    ; relogioCount:inst|miliseconds[4] ; relogioCount:inst|seconds[7] ; clk        ; clk      ; None                        ; None                      ; 2.954 ns                ;
; N/A                                     ; 315.66 MHz ( period = 3.168 ns )                    ; relogioCount:inst|miliseconds[2] ; relogioCount:inst|seconds[5] ; clk        ; clk      ; None                        ; None                      ; 2.954 ns                ;
; N/A                                     ; 315.76 MHz ( period = 3.167 ns )                    ; relogioCount:inst|minutes[1]     ; relogioCount:inst|hours[5]   ; clk        ; clk      ; None                        ; None                      ; 2.957 ns                ;
; N/A                                     ; 315.86 MHz ( period = 3.166 ns )                    ; relogioCount:inst|miliseconds[3] ; relogioCount:inst|seconds[6] ; clk        ; clk      ; None                        ; None                      ; 2.949 ns                ;
; N/A                                     ; 315.86 MHz ( period = 3.166 ns )                    ; relogioCount:inst|miliseconds[5] ; relogioCount:inst|seconds[6] ; clk        ; clk      ; None                        ; None                      ; 2.952 ns                ;
; N/A                                     ; 316.96 MHz ( period = 3.155 ns )                    ; relogioCount:inst|minutes[3]     ; relogioCount:inst|hours[4]   ; clk        ; clk      ; None                        ; None                      ; 2.945 ns                ;
; N/A                                     ; 317.56 MHz ( period = 3.149 ns )                    ; relogioCount:inst|minutes[5]     ; relogioCount:inst|hours[6]   ; clk        ; clk      ; None                        ; None                      ; 2.939 ns                ;
; N/A                                     ; 318.98 MHz ( period = 3.135 ns )                    ; relogioCount:inst|minutes[7]     ; relogioCount:inst|hours[4]   ; clk        ; clk      ; None                        ; None                      ; 2.925 ns                ;
; N/A                                     ; 319.18 MHz ( period = 3.133 ns )                    ; relogioCount:inst|miliseconds[1] ; relogioCount:inst|seconds[3] ; clk        ; clk      ; None                        ; None                      ; 2.916 ns                ;
; N/A                                     ; 319.28 MHz ( period = 3.132 ns )                    ; relogioCount:inst|minutes[6]     ; relogioCount:inst|hours[2]   ; clk        ; clk      ; None                        ; None                      ; 2.922 ns                ;
; N/A                                     ; 320.31 MHz ( period = 3.122 ns )                    ; relogioCount:inst|minutes[2]     ; relogioCount:inst|hours[5]   ; clk        ; clk      ; None                        ; None                      ; 2.912 ns                ;
; N/A                                     ; 321.13 MHz ( period = 3.114 ns )                    ; relogioCount:inst|minutes[0]     ; relogioCount:inst|hours[3]   ; clk        ; clk      ; None                        ; None                      ; 2.904 ns                ;
; N/A                                     ; 322.48 MHz ( period = 3.101 ns )                    ; relogioCount:inst|minutes[4]     ; relogioCount:inst|hours[2]   ; clk        ; clk      ; None                        ; None                      ; 2.891 ns                ;
; N/A                                     ; 322.58 MHz ( period = 3.100 ns )                    ; relogioCount:inst|miliseconds[4] ; relogioCount:inst|seconds[6] ; clk        ; clk      ; None                        ; None                      ; 2.883 ns                ;
; N/A                                     ; 323.00 MHz ( period = 3.096 ns )                    ; relogioCount:inst|minutes[1]     ; relogioCount:inst|hours[4]   ; clk        ; clk      ; None                        ; None                      ; 2.886 ns                ;
; N/A                                     ; 323.10 MHz ( period = 3.095 ns )                    ; relogioCount:inst|miliseconds[3] ; relogioCount:inst|seconds[5] ; clk        ; clk      ; None                        ; None                      ; 2.878 ns                ;
; N/A                                     ; 323.10 MHz ( period = 3.095 ns )                    ; relogioCount:inst|miliseconds[5] ; relogioCount:inst|seconds[5] ; clk        ; clk      ; None                        ; None                      ; 2.881 ns                ;
; N/A                                     ; 324.15 MHz ( period = 3.085 ns )                    ; relogioCount:inst|miliseconds[0] ; relogioCount:inst|seconds[4] ; clk        ; clk      ; None                        ; None                      ; 2.871 ns                ;
; N/A                                     ; 324.25 MHz ( period = 3.084 ns )                    ; relogioCount:inst|minutes[3]     ; relogioCount:inst|hours[3]   ; clk        ; clk      ; None                        ; None                      ; 2.874 ns                ;
; N/A                                     ; 324.89 MHz ( period = 3.078 ns )                    ; relogioCount:inst|minutes[5]     ; relogioCount:inst|hours[5]   ; clk        ; clk      ; None                        ; None                      ; 2.868 ns                ;
; N/A                                     ; 326.37 MHz ( period = 3.064 ns )                    ; relogioCount:inst|minutes[7]     ; relogioCount:inst|hours[3]   ; clk        ; clk      ; None                        ; None                      ; 2.854 ns                ;
; N/A                                     ; 326.58 MHz ( period = 3.062 ns )                    ; relogioCount:inst|miliseconds[1] ; relogioCount:inst|seconds[2] ; clk        ; clk      ; None                        ; None                      ; 2.845 ns                ;
; N/A                                     ; 326.69 MHz ( period = 3.061 ns )                    ; relogioCount:inst|minutes[6]     ; relogioCount:inst|hours[1]   ; clk        ; clk      ; None                        ; None                      ; 2.851 ns                ;
; N/A                                     ; 327.76 MHz ( period = 3.051 ns )                    ; relogioCount:inst|minutes[2]     ; relogioCount:inst|hours[4]   ; clk        ; clk      ; None                        ; None                      ; 2.841 ns                ;
; N/A                                     ; 328.62 MHz ( period = 3.043 ns )                    ; relogioCount:inst|minutes[0]     ; relogioCount:inst|hours[2]   ; clk        ; clk      ; None                        ; None                      ; 2.833 ns                ;
; N/A                                     ; 329.06 MHz ( period = 3.039 ns )                    ; relogioCount:inst|miliseconds[7] ; relogioCount:inst|seconds[7] ; clk        ; clk      ; None                        ; None                      ; 2.822 ns                ;
; N/A                                     ; 330.03 MHz ( period = 3.030 ns )                    ; relogioCount:inst|minutes[4]     ; relogioCount:inst|hours[1]   ; clk        ; clk      ; None                        ; None                      ; 2.820 ns                ;
; N/A                                     ; 330.14 MHz ( period = 3.029 ns )                    ; relogioCount:inst|miliseconds[4] ; relogioCount:inst|seconds[5] ; clk        ; clk      ; None                        ; None                      ; 2.812 ns                ;
; N/A                                     ; 330.58 MHz ( period = 3.025 ns )                    ; relogioCount:inst|minutes[1]     ; relogioCount:inst|hours[3]   ; clk        ; clk      ; None                        ; None                      ; 2.815 ns                ;
; N/A                                     ; 331.79 MHz ( period = 3.014 ns )                    ; relogioCount:inst|miliseconds[0] ; relogioCount:inst|seconds[3] ; clk        ; clk      ; None                        ; None                      ; 2.800 ns                ;
; N/A                                     ; 331.90 MHz ( period = 3.013 ns )                    ; relogioCount:inst|minutes[3]     ; relogioCount:inst|hours[2]   ; clk        ; clk      ; None                        ; None                      ; 2.803 ns                ;
; N/A                                     ; 332.34 MHz ( period = 3.009 ns )                    ; relogioCount:inst|miliseconds[2] ; relogioCount:inst|seconds[4] ; clk        ; clk      ; None                        ; None                      ; 2.795 ns                ;
; N/A                                     ; 332.56 MHz ( period = 3.007 ns )                    ; relogioCount:inst|minutes[5]     ; relogioCount:inst|hours[4]   ; clk        ; clk      ; None                        ; None                      ; 2.797 ns                ;
; N/A                                     ; 334.11 MHz ( period = 2.993 ns )                    ; relogioCount:inst|minutes[7]     ; relogioCount:inst|hours[2]   ; clk        ; clk      ; None                        ; None                      ; 2.783 ns                ;
; N/A                                     ; 334.34 MHz ( period = 2.991 ns )                    ; relogioCount:inst|miliseconds[1] ; relogioCount:inst|seconds[1] ; clk        ; clk      ; None                        ; None                      ; 2.774 ns                ;
; N/A                                     ; 335.57 MHz ( period = 2.980 ns )                    ; relogioCount:inst|minutes[2]     ; relogioCount:inst|hours[3]   ; clk        ; clk      ; None                        ; None                      ; 2.770 ns                ;
; N/A                                     ; 336.47 MHz ( period = 2.972 ns )                    ; relogioCount:inst|minutes[0]     ; relogioCount:inst|hours[1]   ; clk        ; clk      ; None                        ; None                      ; 2.762 ns                ;
; N/A                                     ; 336.93 MHz ( period = 2.968 ns )                    ; relogioCount:inst|miliseconds[7] ; relogioCount:inst|seconds[6] ; clk        ; clk      ; None                        ; None                      ; 2.751 ns                ;
; N/A                                     ; 338.52 MHz ( period = 2.954 ns )                    ; relogioCount:inst|minutes[1]     ; relogioCount:inst|hours[2]   ; clk        ; clk      ; None                        ; None                      ; 2.744 ns                ;
; N/A                                     ; 339.79 MHz ( period = 2.943 ns )                    ; relogioCount:inst|miliseconds[0] ; relogioCount:inst|seconds[2] ; clk        ; clk      ; None                        ; None                      ; 2.729 ns                ;
; N/A                                     ; 339.90 MHz ( period = 2.942 ns )                    ; relogioCount:inst|minutes[3]     ; relogioCount:inst|hours[1]   ; clk        ; clk      ; None                        ; None                      ; 2.732 ns                ;
; N/A                                     ; 340.37 MHz ( period = 2.938 ns )                    ; relogioCount:inst|miliseconds[2] ; relogioCount:inst|seconds[3] ; clk        ; clk      ; None                        ; None                      ; 2.724 ns                ;
; N/A                                     ; 340.60 MHz ( period = 2.936 ns )                    ; relogioCount:inst|minutes[5]     ; relogioCount:inst|hours[3]   ; clk        ; clk      ; None                        ; None                      ; 2.726 ns                ;
; N/A                                     ; 340.60 MHz ( period = 2.936 ns )                    ; relogioCount:inst|miliseconds[3] ; relogioCount:inst|seconds[4] ; clk        ; clk      ; None                        ; None                      ; 2.719 ns                ;
; Timing analysis restricted to 200 rows. ; To change the limit use Settings (Assignments menu) ;                                  ;                              ;            ;          ;                             ;                           ;                         ;
+-----------------------------------------+-----------------------------------------------------+----------------------------------+------------------------------+------------+----------+-----------------------------+---------------------------+-------------------------+


+----------------------------------------------------------------------------------------------------+
; tco                                                                                                ;
+-------+--------------+------------+----------------------------------+----------------+------------+
; Slack ; Required tco ; Actual tco ; From                             ; To             ; From Clock ;
+-------+--------------+------------+----------------------------------+----------------+------------+
; N/A   ; None         ; 7.626 ns   ; relogioCount:inst|seconds[5]     ; seconds[5]     ; clk        ;
; N/A   ; None         ; 7.594 ns   ; relogioCount:inst|seconds[7]     ; seconds[7]     ; clk        ;
; N/A   ; None         ; 7.531 ns   ; relogioCount:inst|hours[6]       ; hours[6]       ; clk        ;
; N/A   ; None         ; 7.451 ns   ; relogioCount:inst|seconds[2]     ; seconds[2]     ; clk        ;
; N/A   ; None         ; 7.419 ns   ; relogioCount:inst|hours[2]       ; hours[2]       ; clk        ;
; N/A   ; None         ; 7.381 ns   ; relogioCount:inst|seconds[3]     ; seconds[3]     ; clk        ;
; N/A   ; None         ; 7.215 ns   ; relogioCount:inst|hours[0]       ; hours[0]       ; clk        ;
; N/A   ; None         ; 7.207 ns   ; relogioCount:inst|miliseconds[7] ; miliseconds[7] ; clk        ;
; N/A   ; None         ; 7.206 ns   ; relogioCount:inst|hours[1]       ; hours[1]       ; clk        ;
; N/A   ; None         ; 7.054 ns   ; relogioCount:inst|seconds[1]     ; seconds[1]     ; clk        ;
; N/A   ; None         ; 7.039 ns   ; relogioCount:inst|seconds[4]     ; seconds[4]     ; clk        ;
; N/A   ; None         ; 7.032 ns   ; relogioCount:inst|minutes[2]     ; minutes[2]     ; clk        ;
; N/A   ; None         ; 7.030 ns   ; relogioCount:inst|minutes[6]     ; minutes[6]     ; clk        ;
; N/A   ; None         ; 7.016 ns   ; relogioCount:inst|minutes[1]     ; minutes[1]     ; clk        ;
; N/A   ; None         ; 7.016 ns   ; relogioCount:inst|minutes[5]     ; minutes[5]     ; clk        ;
; N/A   ; None         ; 7.006 ns   ; relogioCount:inst|seconds[0]     ; seconds[0]     ; clk        ;
; N/A   ; None         ; 6.901 ns   ; relogioCount:inst|minutes[4]     ; minutes[4]     ; clk        ;
; N/A   ; None         ; 6.831 ns   ; relogioCount:inst|miliseconds[0] ; miliseconds[0] ; clk        ;
; N/A   ; None         ; 6.769 ns   ; relogioCount:inst|seconds[6]     ; seconds[6]     ; clk        ;
; N/A   ; None         ; 6.742 ns   ; relogioCount:inst|hours[5]       ; hours[5]       ; clk        ;
; N/A   ; None         ; 6.737 ns   ; relogioCount:inst|hours[3]       ; hours[3]       ; clk        ;
; N/A   ; None         ; 6.600 ns   ; relogioCount:inst|minutes[7]     ; minutes[7]     ; clk        ;
; N/A   ; None         ; 6.578 ns   ; relogioCount:inst|miliseconds[8] ; miliseconds[8] ; clk        ;
; N/A   ; None         ; 6.529 ns   ; relogioCount:inst|miliseconds[5] ; miliseconds[5] ; clk        ;
; N/A   ; None         ; 6.502 ns   ; relogioCount:inst|miliseconds[3] ; miliseconds[3] ; clk        ;
; N/A   ; None         ; 6.406 ns   ; relogioCount:inst|minutes[0]     ; minutes[0]     ; clk        ;
; N/A   ; None         ; 6.386 ns   ; relogioCount:inst|hours[4]       ; hours[4]       ; clk        ;
; N/A   ; None         ; 6.361 ns   ; relogioCount:inst|miliseconds[2] ; miliseconds[2] ; clk        ;
; N/A   ; None         ; 6.308 ns   ; relogioCount:inst|miliseconds[1] ; miliseconds[1] ; clk        ;
; N/A   ; None         ; 6.104 ns   ; relogioCount:inst|minutes[3]     ; minutes[3]     ; clk        ;
; N/A   ; None         ; 6.066 ns   ; relogioCount:inst|miliseconds[6] ; miliseconds[6] ; clk        ;
; N/A   ; None         ; 6.043 ns   ; relogioCount:inst|miliseconds[4] ; miliseconds[4] ; clk        ;
+-------+--------------+------------+----------------------------------+----------------+------------+


+--------------------------+
; Timing Analyzer Messages ;
+--------------------------+
Info: *******************************************************************
Info: Running Quartus II Classic Timing Analyzer
    Info: Version 9.1 Build 350 03/24/2010 Service Pack 2 SJ Web Edition
    Info: Processing started: Fri Jun 09 02:31:43 2017
Info: Command: quartus_tan --read_settings_files=off --write_settings_files=off relogio -c relogio --timing_analysis_only
Warning: Found pins functioning as undefined clocks and/or memory enables
    Info: Assuming node "clk" is an undefined clock
Info: Clock "clk" has Internal fmax of 200.68 MHz between source register "relogioCount:inst|seconds[2]" and destination register "relogioCount:inst|seconds[2]" (period= 4.983 ns)
    Info: + Longest register to register delay is 4.769 ns
        Info: 1: + IC(0.000 ns) + CELL(0.000 ns) = 0.000 ns; Loc. = LCFF_X14_Y13_N11; Fanout = 4; REG Node = 'relogioCount:inst|seconds[2]'
        Info: 2: + IC(1.711 ns) + CELL(0.436 ns) = 2.147 ns; Loc. = LCCOMB_X10_Y4_N16; Fanout = 1; COMB Node = 'relogioCount:inst|Equal1~1'
        Info: 3: + IC(0.251 ns) + CELL(0.271 ns) = 2.669 ns; Loc. = LCCOMB_X10_Y4_N18; Fanout = 10; COMB Node = 'relogioCount:inst|Equal1~2'
        Info: 4: + IC(1.590 ns) + CELL(0.510 ns) = 4.769 ns; Loc. = LCFF_X14_Y13_N11; Fanout = 4; REG Node = 'relogioCount:inst|seconds[2]'
        Info: Total cell delay = 1.217 ns ( 25.52 % )
        Info: Total interconnect delay = 3.552 ns ( 74.48 % )
    Info: - Smallest clock skew is 0.000 ns
        Info: + Shortest clock path from clock "clk" to destination register is 2.363 ns
            Info: 1: + IC(0.000 ns) + CELL(0.989 ns) = 0.989 ns; Loc. = PIN_17; Fanout = 1; CLK Node = 'clk'
            Info: 2: + IC(0.122 ns) + CELL(0.000 ns) = 1.111 ns; Loc. = CLKCTRL_G2; Fanout = 32; COMB Node = 'clk~clkctrl'
            Info: 3: + IC(0.715 ns) + CELL(0.537 ns) = 2.363 ns; Loc. = LCFF_X14_Y13_N11; Fanout = 4; REG Node = 'relogioCount:inst|seconds[2]'
            Info: Total cell delay = 1.526 ns ( 64.58 % )
            Info: Total interconnect delay = 0.837 ns ( 35.42 % )
        Info: - Longest clock path from clock "clk" to source register is 2.363 ns
            Info: 1: + IC(0.000 ns) + CELL(0.989 ns) = 0.989 ns; Loc. = PIN_17; Fanout = 1; CLK Node = 'clk'
            Info: 2: + IC(0.122 ns) + CELL(0.000 ns) = 1.111 ns; Loc. = CLKCTRL_G2; Fanout = 32; COMB Node = 'clk~clkctrl'
            Info: 3: + IC(0.715 ns) + CELL(0.537 ns) = 2.363 ns; Loc. = LCFF_X14_Y13_N11; Fanout = 4; REG Node = 'relogioCount:inst|seconds[2]'
            Info: Total cell delay = 1.526 ns ( 64.58 % )
            Info: Total interconnect delay = 0.837 ns ( 35.42 % )
    Info: + Micro clock to output delay of source is 0.250 ns
    Info: + Micro setup delay of destination is -0.036 ns
Info: tco from clock "clk" to destination pin "seconds[5]" through register "relogioCount:inst|seconds[5]" is 7.626 ns
    Info: + Longest clock path from clock "clk" to source register is 2.363 ns
        Info: 1: + IC(0.000 ns) + CELL(0.989 ns) = 0.989 ns; Loc. = PIN_17; Fanout = 1; CLK Node = 'clk'
        Info: 2: + IC(0.122 ns) + CELL(0.000 ns) = 1.111 ns; Loc. = CLKCTRL_G2; Fanout = 32; COMB Node = 'clk~clkctrl'
        Info: 3: + IC(0.715 ns) + CELL(0.537 ns) = 2.363 ns; Loc. = LCFF_X14_Y13_N17; Fanout = 4; REG Node = 'relogioCount:inst|seconds[5]'
        Info: Total cell delay = 1.526 ns ( 64.58 % )
        Info: Total interconnect delay = 0.837 ns ( 35.42 % )
    Info: + Micro clock to output delay of source is 0.250 ns
    Info: + Longest register to pin delay is 5.013 ns
        Info: 1: + IC(0.000 ns) + CELL(0.000 ns) = 0.000 ns; Loc. = LCFF_X14_Y13_N17; Fanout = 4; REG Node = 'relogioCount:inst|seconds[5]'
        Info: 2: + IC(2.214 ns) + CELL(2.799 ns) = 5.013 ns; Loc. = PIN_32; Fanout = 0; PIN Node = 'seconds[5]'
        Info: Total cell delay = 2.799 ns ( 55.83 % )
        Info: Total interconnect delay = 2.214 ns ( 44.17 % )
Info: Quartus II Classic Timing Analyzer was successful. 0 errors, 1 warning
    Info: Peak virtual memory: 202 megabytes
    Info: Processing ended: Fri Jun 09 02:31:43 2017
    Info: Elapsed time: 00:00:00
    Info: Total CPU time (on all processors): 00:00:01


