Analysis & Synthesis report for relogio
Fri Jun 09 02:42:10 2017
Quartus II Version 9.1 Build 350 03/24/2010 Service Pack 2 SJ Web Edition


---------------------
; Table of Contents ;
---------------------
  1. Legal Notice
  2. Analysis & Synthesis Summary
  3. Analysis & Synthesis Settings
  4. Parallel Compilation
  5. Analysis & Synthesis Messages



----------------
; Legal Notice ;
----------------
Copyright (C) 1991-2010 Altera Corporation
Your use of Altera Corporation's design tools, logic functions 
and other software and tools, and its AMPP partner logic 
functions, and any output files from any of the foregoing 
(including device programming or simulation files), and any 
associated documentation or information are expressly subject 
to the terms and conditions of the Altera Program License 
Subscription Agreement, Altera MegaCore Function License 
Agreement, or other applicable license agreement, including, 
without limitation, that your use is for the sole purpose of 
programming logic devices manufactured by Altera and sold by 
Altera or its authorized distributors.  Please refer to the 
applicable agreement for further details.



+-----------------------------------------------------------------------------------+
; Analysis & Synthesis Summary                                                      ;
+------------------------------------+----------------------------------------------+
; Analysis & Synthesis Status        ; Failed - Fri Jun 09 02:42:10 2017            ;
; Quartus II Version                 ; 9.1 Build 350 03/24/2010 SP 2 SJ Web Edition ;
; Revision Name                      ; relogio                                      ;
; Top-level Entity Name              ; relogio                                      ;
; Family                             ; Cyclone II                                   ;
; Total logic elements               ; N/A until Partition Merge                    ;
;     Total combinational functions  ; N/A until Partition Merge                    ;
;     Dedicated logic registers      ; N/A until Partition Merge                    ;
; Total registers                    ; N/A until Partition Merge                    ;
; Total pins                         ; N/A until Partition Merge                    ;
; Total virtual pins                 ; N/A until Partition Merge                    ;
; Total memory bits                  ; N/A until Partition Merge                    ;
; Embedded Multiplier 9-bit elements ; N/A until Partition Merge                    ;
; Total PLLs                         ; N/A until Partition Merge                    ;
+------------------------------------+----------------------------------------------+


+----------------------------------------------------------------------------------------------------------------------+
; Analysis & Synthesis Settings                                                                                        ;
+----------------------------------------------------------------------------+--------------------+--------------------+
; Option                                                                     ; Setting            ; Default Value      ;
+----------------------------------------------------------------------------+--------------------+--------------------+
; Top-level entity name                                                      ; relogio            ; relogio            ;
; Family name                                                                ; Cyclone II         ; Stratix II         ;
; Use Generated Physical Constraints File                                    ; Off                ;                    ;
; Use smart compilation                                                      ; Off                ; Off                ;
; Enable parallel Assembler and TimeQuest Timing Analyzer during compilation ; On                 ; On                 ;
; Enable compact report table                                                ; Off                ; Off                ;
; Restructure Multiplexers                                                   ; Auto               ; Auto               ;
; Create Debugging Nodes for IP Cores                                        ; Off                ; Off                ;
; Preserve fewer node names                                                  ; On                 ; On                 ;
; Disable OpenCore Plus hardware evaluation                                  ; Off                ; Off                ;
; Verilog Version                                                            ; Verilog_2001       ; Verilog_2001       ;
; VHDL Version                                                               ; VHDL_1993          ; VHDL_1993          ;
; State Machine Processing                                                   ; Auto               ; Auto               ;
; Safe State Machine                                                         ; Off                ; Off                ;
; Extract Verilog State Machines                                             ; On                 ; On                 ;
; Extract VHDL State Machines                                                ; On                 ; On                 ;
; Ignore Verilog initial constructs                                          ; Off                ; Off                ;
; Iteration limit for constant Verilog loops                                 ; 5000               ; 5000               ;
; Iteration limit for non-constant Verilog loops                             ; 250                ; 250                ;
; Add Pass-Through Logic to Inferred RAMs                                    ; On                 ; On                 ;
; Parallel Synthesis                                                         ; On                 ; On                 ;
; DSP Block Balancing                                                        ; Auto               ; Auto               ;
; NOT Gate Push-Back                                                         ; On                 ; On                 ;
; Power-Up Don't Care                                                        ; On                 ; On                 ;
; Remove Redundant Logic Cells                                               ; Off                ; Off                ;
; Remove Duplicate Registers                                                 ; On                 ; On                 ;
; Ignore CARRY Buffers                                                       ; Off                ; Off                ;
; Ignore CASCADE Buffers                                                     ; Off                ; Off                ;
; Ignore GLOBAL Buffers                                                      ; Off                ; Off                ;
; Ignore ROW GLOBAL Buffers                                                  ; Off                ; Off                ;
; Ignore LCELL Buffers                                                       ; Off                ; Off                ;
; Ignore SOFT Buffers                                                        ; On                 ; On                 ;
; Limit AHDL Integers to 32 Bits                                             ; Off                ; Off                ;
; Optimization Technique                                                     ; Balanced           ; Balanced           ;
; Carry Chain Length                                                         ; 70                 ; 70                 ;
; Auto Carry Chains                                                          ; On                 ; On                 ;
; Auto Open-Drain Pins                                                       ; On                 ; On                 ;
; Perform WYSIWYG Primitive Resynthesis                                      ; Off                ; Off                ;
; Auto ROM Replacement                                                       ; On                 ; On                 ;
; Auto RAM Replacement                                                       ; On                 ; On                 ;
; Auto Shift Register Replacement                                            ; Auto               ; Auto               ;
; Auto Clock Enable Replacement                                              ; On                 ; On                 ;
; Strict RAM Replacement                                                     ; Off                ; Off                ;
; Allow Synchronous Control Signals                                          ; On                 ; On                 ;
; Force Use of Synchronous Clear Signals                                     ; Off                ; Off                ;
; Auto RAM to Logic Cell Conversion                                          ; Off                ; Off                ;
; Auto Resource Sharing                                                      ; Off                ; Off                ;
; Allow Any RAM Size For Recognition                                         ; Off                ; Off                ;
; Allow Any ROM Size For Recognition                                         ; Off                ; Off                ;
; Allow Any Shift Register Size For Recognition                              ; Off                ; Off                ;
; Use LogicLock Constraints during Resource Balancing                        ; On                 ; On                 ;
; Ignore translate_off and synthesis_off directives                          ; Off                ; Off                ;
; Timing-Driven Synthesis                                                    ; Off                ; Off                ;
; Show Parameter Settings Tables in Synthesis Report                         ; On                 ; On                 ;
; Ignore Maximum Fan-Out Assignments                                         ; Off                ; Off                ;
; Synchronization Register Chain Length                                      ; 2                  ; 2                  ;
; PowerPlay Power Optimization                                               ; Normal compilation ; Normal compilation ;
; HDL message level                                                          ; Level2             ; Level2             ;
; Suppress Register Optimization Related Messages                            ; Off                ; Off                ;
; Number of Removed Registers Reported in Synthesis Report                   ; 5000               ; 5000               ;
; Number of Inverted Registers Reported in Synthesis Report                  ; 100                ; 100                ;
; Clock MUX Protection                                                       ; On                 ; On                 ;
; Auto Gated Clock Conversion                                                ; Off                ; Off                ;
; Block Design Naming                                                        ; Auto               ; Auto               ;
; SDC constraint protection                                                  ; Off                ; Off                ;
; Synthesis Effort                                                           ; Auto               ; Auto               ;
; Shift Register Replacement - Allow Asynchronous Clear Signal               ; On                 ; On                 ;
; Analysis & Synthesis Message Level                                         ; Medium             ; Medium             ;
; Disable Register Merging Across Hierarchies                                ; Auto               ; Auto               ;
; Resource Aware Inference For Block RAM                                     ; On                 ; On                 ;
+----------------------------------------------------------------------------+--------------------+--------------------+


Parallel compilation was disabled, but you have multiple processors available. Enable parallel compilation to reduce compilation time.
+-------------------------------------+
; Parallel Compilation                ;
+----------------------------+--------+
; Processors                 ; Number ;
+----------------------------+--------+
; Number detected on machine ; 2      ;
; Maximum allowed            ; 1      ;
+----------------------------+--------+


+-------------------------------+
; Analysis & Synthesis Messages ;
+-------------------------------+
Info: *******************************************************************
Info: Running Quartus II Analysis & Synthesis
    Info: Version 9.1 Build 350 03/24/2010 Service Pack 2 SJ Web Edition
    Info: Processing started: Fri Jun 09 02:42:09 2017
Info: Command: quartus_map --read_settings_files=on --write_settings_files=off relogio -c relogio
Info: Found 1 design units, including 1 entities, in source file count.v
    Info: Found entity 1: count
Info: Found 1 design units, including 1 entities, in source file relogiocount.v
    Info: Found entity 1: relogioCount
Info: Found 1 design units, including 1 entities, in source file relogio.bdf
    Info: Found entity 1: relogio
Info: Elaborating entity "relogio" for the top level hierarchy
Info: Elaborating entity "relogioCount" for hierarchy "relogioCount:inst"
Warning (10230): Verilog HDL assignment warning at relogioCount.v(13): truncated value with size 32 to match size of target (9)
Warning (10235): Verilog HDL Always Construct warning at relogioCount.v(20): variable "seconds" is read inside the Always Construct but isn't in the Always Construct's Event Control
Warning (10230): Verilog HDL assignment warning at relogioCount.v(20): truncated value with size 32 to match size of target (8)
Warning (10240): Verilog HDL Always Construct warning at relogioCount.v(16): inferring latch(es) for variable "miliseconds", which holds its previous value in one or more paths through the always construct
Warning (10240): Verilog HDL Always Construct warning at relogioCount.v(16): inferring latch(es) for variable "seconds", which holds its previous value in one or more paths through the always construct
Warning (10235): Verilog HDL Always Construct warning at relogioCount.v(28): variable "minutes" is read inside the Always Construct but isn't in the Always Construct's Event Control
Warning (10230): Verilog HDL assignment warning at relogioCount.v(28): truncated value with size 32 to match size of target (8)
Warning (10240): Verilog HDL Always Construct warning at relogioCount.v(24): inferring latch(es) for variable "seconds", which holds its previous value in one or more paths through the always construct
Warning (10240): Verilog HDL Always Construct warning at relogioCount.v(24): inferring latch(es) for variable "minutes", which holds its previous value in one or more paths through the always construct
Warning (10235): Verilog HDL Always Construct warning at relogioCount.v(36): variable "hours" is read inside the Always Construct but isn't in the Always Construct's Event Control
Warning (10230): Verilog HDL assignment warning at relogioCount.v(36): truncated value with size 32 to match size of target (7)
Warning (10240): Verilog HDL Always Construct warning at relogioCount.v(32): inferring latch(es) for variable "minutes", which holds its previous value in one or more paths through the always construct
Warning (10240): Verilog HDL Always Construct warning at relogioCount.v(32): inferring latch(es) for variable "hours", which holds its previous value in one or more paths through the always construct
Warning (10240): Verilog HDL Always Construct warning at relogioCount.v(40): inferring latch(es) for variable "hours", which holds its previous value in one or more paths through the always construct
Info (10041): Inferred latch for "hours[0]" at relogioCount.v(41)
Info (10041): Inferred latch for "hours[1]" at relogioCount.v(41)
Info (10041): Inferred latch for "hours[2]" at relogioCount.v(41)
Info (10041): Inferred latch for "hours[3]" at relogioCount.v(41)
Info (10041): Inferred latch for "hours[4]" at relogioCount.v(41)
Info (10041): Inferred latch for "hours[5]" at relogioCount.v(41)
Info (10041): Inferred latch for "hours[6]" at relogioCount.v(41)
Info (10041): Inferred latch for "hours[0]" at relogioCount.v(33)
Info (10041): Inferred latch for "hours[1]" at relogioCount.v(33)
Info (10041): Inferred latch for "hours[2]" at relogioCount.v(33)
Info (10041): Inferred latch for "hours[3]" at relogioCount.v(33)
Info (10041): Inferred latch for "hours[4]" at relogioCount.v(33)
Info (10041): Inferred latch for "hours[5]" at relogioCount.v(33)
Info (10041): Inferred latch for "hours[6]" at relogioCount.v(33)
Info (10041): Inferred latch for "minutes[0]" at relogioCount.v(33)
Info (10041): Inferred latch for "minutes[1]" at relogioCount.v(33)
Info (10041): Inferred latch for "minutes[2]" at relogioCount.v(33)
Info (10041): Inferred latch for "minutes[3]" at relogioCount.v(33)
Info (10041): Inferred latch for "minutes[4]" at relogioCount.v(33)
Info (10041): Inferred latch for "minutes[5]" at relogioCount.v(33)
Info (10041): Inferred latch for "minutes[6]" at relogioCount.v(33)
Info (10041): Inferred latch for "minutes[7]" at relogioCount.v(33)
Info (10041): Inferred latch for "minutes[0]" at relogioCount.v(25)
Info (10041): Inferred latch for "minutes[1]" at relogioCount.v(25)
Info (10041): Inferred latch for "minutes[2]" at relogioCount.v(25)
Info (10041): Inferred latch for "minutes[3]" at relogioCount.v(25)
Info (10041): Inferred latch for "minutes[4]" at relogioCount.v(25)
Info (10041): Inferred latch for "minutes[5]" at relogioCount.v(25)
Info (10041): Inferred latch for "minutes[6]" at relogioCount.v(25)
Info (10041): Inferred latch for "minutes[7]" at relogioCount.v(25)
Info (10041): Inferred latch for "seconds[0]" at relogioCount.v(25)
Info (10041): Inferred latch for "seconds[1]" at relogioCount.v(25)
Info (10041): Inferred latch for "seconds[2]" at relogioCount.v(25)
Info (10041): Inferred latch for "seconds[3]" at relogioCount.v(25)
Info (10041): Inferred latch for "seconds[4]" at relogioCount.v(25)
Info (10041): Inferred latch for "seconds[5]" at relogioCount.v(25)
Info (10041): Inferred latch for "seconds[6]" at relogioCount.v(25)
Info (10041): Inferred latch for "seconds[7]" at relogioCount.v(25)
Info (10041): Inferred latch for "seconds[0]" at relogioCount.v(17)
Info (10041): Inferred latch for "seconds[1]" at relogioCount.v(17)
Info (10041): Inferred latch for "seconds[2]" at relogioCount.v(17)
Info (10041): Inferred latch for "seconds[3]" at relogioCount.v(17)
Info (10041): Inferred latch for "seconds[4]" at relogioCount.v(17)
Info (10041): Inferred latch for "seconds[5]" at relogioCount.v(17)
Info (10041): Inferred latch for "seconds[6]" at relogioCount.v(17)
Info (10041): Inferred latch for "seconds[7]" at relogioCount.v(17)
Info (10041): Inferred latch for "miliseconds[0]" at relogioCount.v(17)
Info (10041): Inferred latch for "miliseconds[1]" at relogioCount.v(17)
Info (10041): Inferred latch for "miliseconds[2]" at relogioCount.v(17)
Info (10041): Inferred latch for "miliseconds[3]" at relogioCount.v(17)
Info (10041): Inferred latch for "miliseconds[4]" at relogioCount.v(17)
Info (10041): Inferred latch for "miliseconds[5]" at relogioCount.v(17)
Info (10041): Inferred latch for "miliseconds[6]" at relogioCount.v(17)
Info (10041): Inferred latch for "miliseconds[7]" at relogioCount.v(17)
Info (10041): Inferred latch for "miliseconds[8]" at relogioCount.v(17)
Error (10028): Can't resolve multiple constant drivers for net "miliseconds[8]" at relogioCount.v(12) File: C:/Users/kevin/Desktop/Relogio Digital e Cronometro 2/relogioCount.v Line: 12
Error (10029): Constant driver at relogioCount.v(17) File: C:/Users/kevin/Desktop/Relogio Digital e Cronometro 2/relogioCount.v Line: 17
Error (10028): Can't resolve multiple constant drivers for net "miliseconds[7]" at relogioCount.v(12) File: C:/Users/kevin/Desktop/Relogio Digital e Cronometro 2/relogioCount.v Line: 12
Error (10028): Can't resolve multiple constant drivers for net "miliseconds[6]" at relogioCount.v(12) File: C:/Users/kevin/Desktop/Relogio Digital e Cronometro 2/relogioCount.v Line: 12
Error (10028): Can't resolve multiple constant drivers for net "miliseconds[5]" at relogioCount.v(12) File: C:/Users/kevin/Desktop/Relogio Digital e Cronometro 2/relogioCount.v Line: 12
Error (10028): Can't resolve multiple constant drivers for net "miliseconds[4]" at relogioCount.v(12) File: C:/Users/kevin/Desktop/Relogio Digital e Cronometro 2/relogioCount.v Line: 12
Error (10028): Can't resolve multiple constant drivers for net "miliseconds[3]" at relogioCount.v(12) File: C:/Users/kevin/Desktop/Relogio Digital e Cronometro 2/relogioCount.v Line: 12
Error (10028): Can't resolve multiple constant drivers for net "miliseconds[2]" at relogioCount.v(12) File: C:/Users/kevin/Desktop/Relogio Digital e Cronometro 2/relogioCount.v Line: 12
Error (10028): Can't resolve multiple constant drivers for net "miliseconds[1]" at relogioCount.v(12) File: C:/Users/kevin/Desktop/Relogio Digital e Cronometro 2/relogioCount.v Line: 12
Error (10028): Can't resolve multiple constant drivers for net "miliseconds[0]" at relogioCount.v(12) File: C:/Users/kevin/Desktop/Relogio Digital e Cronometro 2/relogioCount.v Line: 12
Error (10028): Can't resolve multiple constant drivers for net "seconds[7]" at relogioCount.v(25) File: C:/Users/kevin/Desktop/Relogio Digital e Cronometro 2/relogioCount.v Line: 25
Error (10028): Can't resolve multiple constant drivers for net "seconds[6]" at relogioCount.v(25) File: C:/Users/kevin/Desktop/Relogio Digital e Cronometro 2/relogioCount.v Line: 25
Error (10028): Can't resolve multiple constant drivers for net "seconds[5]" at relogioCount.v(25) File: C:/Users/kevin/Desktop/Relogio Digital e Cronometro 2/relogioCount.v Line: 25
Error (10028): Can't resolve multiple constant drivers for net "seconds[4]" at relogioCount.v(25) File: C:/Users/kevin/Desktop/Relogio Digital e Cronometro 2/relogioCount.v Line: 25
Error (10028): Can't resolve multiple constant drivers for net "seconds[3]" at relogioCount.v(25) File: C:/Users/kevin/Desktop/Relogio Digital e Cronometro 2/relogioCount.v Line: 25
Error (10028): Can't resolve multiple constant drivers for net "seconds[2]" at relogioCount.v(25) File: C:/Users/kevin/Desktop/Relogio Digital e Cronometro 2/relogioCount.v Line: 25
Error (10028): Can't resolve multiple constant drivers for net "seconds[1]" at relogioCount.v(25) File: C:/Users/kevin/Desktop/Relogio Digital e Cronometro 2/relogioCount.v Line: 25
Error (10028): Can't resolve multiple constant drivers for net "seconds[0]" at relogioCount.v(25) File: C:/Users/kevin/Desktop/Relogio Digital e Cronometro 2/relogioCount.v Line: 25
Error (10028): Can't resolve multiple constant drivers for net "minutes[7]" at relogioCount.v(33) File: C:/Users/kevin/Desktop/Relogio Digital e Cronometro 2/relogioCount.v Line: 33
Error: Can't elaborate user hierarchy "relogioCount:inst"
Error: Quartus II Analysis & Synthesis was unsuccessful. 20 errors, 14 warnings
    Error: Peak virtual memory: 236 megabytes
    Error: Processing ended: Fri Jun 09 02:42:10 2017
    Error: Elapsed time: 00:00:01
    Error: Total CPU time (on all processors): 00:00:01


